#
# There is insufficient memory for the Java Runtime Environment to continue.
# Native memory allocation (malloc) failed to allocate 744496 bytes for Chunk::new
# Possible reasons:
#   The system is out of physical RAM or swap space
#   In 32 bit mode, the process size limit was hit
# Possible solutions:
#   Reduce memory load on the system
#   Increase physical memory or swap space
#   Check if swap backing store is full
#   Use 64 bit Java on a 64 bit OS
#   Decrease Java heap size (-Xmx/-Xms)
#   Decrease number of Java threads
#   Decrease Java thread stack sizes (-Xss)
#   Set larger code cache with -XX:ReservedCodeCacheSize=
# This output file may be truncated or incomplete.
#
#  Out of Memory Error (allocation.cpp:388), pid=1324, tid=5696
#
# JRE version: Java(TM) SE Runtime Environment (8.0_05-b13) (build 1.8.0_05-b13)
# Java VM: Java HotSpot(TM) 64-Bit Server VM (25.5-b02 mixed mode windows-amd64 compressed oops)
# Failed to write core dump. Minidumps are not enabled by default on client versions of Windows
#

---------------  T H R E A D  ---------------

Current thread (0x0000000052b65800):  JavaThread "C2 CompilerThread0" daemon [_thread_in_native, id=5696, stack(0x0000000053290000,0x0000000053390000)]

Stack: [0x0000000053290000,0x0000000053390000]
Native frames: (J=compiled Java code, j=interpreted, Vv=VM code, C=native code)
V  [jvm.dll+0x308dea]
V  [jvm.dll+0x25def1]
V  [jvm.dll+0x25eb0f]
V  [jvm.dll+0x2564e5]
V  [jvm.dll+0xbcfc5]
V  [jvm.dll+0xbd45c]
V  [jvm.dll+0x468bac]
V  [jvm.dll+0x436244]
V  [jvm.dll+0x44111e]
V  [jvm.dll+0x4436a9]
V  [jvm.dll+0x427532]
V  [jvm.dll+0x96702]
V  [jvm.dll+0x96ef3]
V  [jvm.dll+0x2232c4]
V  [jvm.dll+0x27baca]
C  [msvcr100.dll+0x21d9f]
C  [msvcr100.dll+0x21e3b]
C  [kernel32.dll+0x159cd]
C  [ntdll.dll+0x5383d]


Current CompileTask:
C2:   8099 3071       4       com.sun.xml.bind.v2.runtime.reflect.opt.OptimizedAccessorFactory::get (325 bytes)


---------------  P R O C E S S  ---------------

Java Threads: ( => current thread )
  0x0000000052bba800 JavaThread "Service Thread" daemon [_thread_blocked, id=4892, stack(0x00000000533b0000,0x00000000534b0000)]
  0x0000000052b71000 JavaThread "C1 CompilerThread2" daemon [_thread_blocked, id=5680, stack(0x0000000053560000,0x0000000053660000)]
  0x0000000052b6a000 JavaThread "C2 CompilerThread1" daemon [_thread_blocked, id=5300, stack(0x0000000053150000,0x0000000053250000)]
=>0x0000000052b65800 JavaThread "C2 CompilerThread0" daemon [_thread_in_native, id=5696, stack(0x0000000053290000,0x0000000053390000)]
  0x0000000052b64000 JavaThread "Attach Listener" daemon [_thread_blocked, id=2748, stack(0x0000000052da0000,0x0000000052ea0000)]
  0x0000000052b60800 JavaThread "Signal Dispatcher" daemon [_thread_blocked, id=4992, stack(0x0000000052ff0000,0x00000000530f0000)]
  0x0000000052afc800 JavaThread "Finalizer" daemon [_thread_blocked, id=3716, stack(0x0000000052ee0000,0x0000000052fe0000)]
  0x0000000052af5000 JavaThread "Reference Handler" daemon [_thread_blocked, id=2968, stack(0x00000000022f0000,0x00000000023f0000)]
  0x00000000021dc000 JavaThread "main" [_thread_in_vm, id=5580, stack(0x0000000002590000,0x0000000002690000)]

Other Threads:
  0x0000000052aef800 VMThread [stack: 0x0000000052c90000,0x0000000052d90000] [id=1492]
  0x0000000052bc7800 WatcherThread [stack: 0x00000000537c0000,0x00000000538c0000] [id=5944]

VM state:not at safepoint (normal execution)

VM Mutex/Monitor currently owned by a thread: None

Heap:
 def new generation   total 1152K, used 1023K [0x00000000a2400000, 0x00000000a2540000, 0x00000000c1800000)
  eden space 1024K,  87% used [0x00000000a2400000, 0x00000000a24dff28, 0x00000000a2500000)
  from space 128K, 100% used [0x00000000a2500000, 0x00000000a2520000, 0x00000000a2520000)
  to   space 128K,   0% used [0x00000000a2520000, 0x00000000a2520000, 0x00000000a2540000)
 tenured generation   total 129792K, used 46866K [0x00000000c1800000, 0x00000000c96c0000, 0x0000000100000000)
   the space 129792K,  36% used [0x00000000c1800000, 0x00000000c45c49f0, 0x00000000c45c4a00, 0x00000000c96c0000)
 Metaspace       used 12774K, capacity 13112K, committed 13312K, reserved 1060864K
  class space    used 1444K, capacity 1526K, committed 1536K, reserved 1048576K

Card table byte_map: [0x0000000011d20000,0x0000000012010000] byte_map_base: 0x000000001180e000

Polling page: 0x0000000000350000

CodeCache: size=245760Kb used=11603Kb max_used=11612Kb free=234156Kb
 bounds [0x0000000002960000, 0x00000000034d0000, 0x0000000011960000]
 total_blobs=3520 nmethods=3188 adapters=245
 compilation: enabled

Compilation events (10 events):
Event: 8.007 Thread 0x0000000052b71000 3199       3       com.sun.xml.bind.v2.runtime.Coordinator$1::initialValue (5 bytes)
Event: 8.008 Thread 0x0000000052b71000 nmethod 3199 0x00000000034b4550 code [0x00000000034b46c0, 0x00000000034b4950]
Event: 8.008 Thread 0x0000000052b71000 3200       3       com.sun.xml.bind.v2.runtime.Coordinator$1::initialValue (5 bytes)
Event: 8.008 Thread 0x0000000052b71000 nmethod 3200 0x00000000034b4190 code [0x00000000034b42e0, 0x00000000034b44b0]
Event: 8.008 Thread 0x0000000052b71000 3201       3       com.sun.xml.bind.v2.runtime.unmarshaller.UnmarshallingContext$DefaultRootLoader::receive (48 bytes)
Event: 8.010 Thread 0x0000000052b71000 nmethod 3201 0x00000000034b5e10 code [0x00000000034b5fa0, 0x00000000034b6530]
Event: 8.010 Thread 0x0000000052b71000 3202       3       com.google.common.collect.ArrayListMultimap::createCollection (5 bytes)
Event: 8.011 Thread 0x0000000052b71000 nmethod 3202 0x00000000034b3c90 code [0x00000000034b3e00, 0x00000000034b40a8]
Event: 8.011 Thread 0x0000000052b71000 3203       3       com.google.common.collect.ArrayListMultimap::createCollection (12 bytes)
Event: 8.011 Thread 0x0000000052b71000 nmethod 3203 0x00000000034b5a10 code [0x00000000034b5b80, 0x00000000034b5d68]

GC Heap History (10 events):
Event: 8.030 GC heap before
{Heap before GC invocations=528 (full 0):
 def new generation   total 1152K, used 1136K [0x00000000a2400000, 0x00000000a2540000, 0x00000000c1800000)
  eden space 1024K, 100% used [0x00000000a2400000, 0x00000000a2500000, 0x00000000a2500000)
  from space 128K,  87% used [0x00000000a2500000, 0x00000000a251c000, 0x00000000a2520000)
  to   space 128K,   0% used [0x00000000a2520000, 0x00000000a2520000, 0x00000000a2540000)
 tenured generation   total 129792K, used 46360K [0x00000000c1800000, 0x00000000c96c0000, 0x0000000100000000)
   the space 129792K,  35% used [0x00000000c1800000, 0x00000000c45463d0, 0x00000000c4546400, 0x00000000c96c0000)
 Metaspace       used 12774K, capacity 13112K, committed 13312K, reserved 1060864K
  class space    used 1444K, capacity 1526K, committed 1536K, reserved 1048576K
Event: 8.032 GC heap after
Heap after GC invocations=529 (full 0):
 def new generation   total 1152K, used 125K [0x00000000a2400000, 0x00000000a2540000, 0x00000000c1800000)
  eden space 1024K,   0% used [0x00000000a2400000, 0x00000000a2400000, 0x00000000a2500000)
  from space 128K,  97% used [0x00000000a2520000, 0x00000000a253f408, 0x00000000a2540000)
  to   space 128K,   0% used [0x00000000a2500000, 0x00000000a2500000, 0x00000000a2520000)
 tenured generation   total 129792K, used 46421K [0x00000000c1800000, 0x00000000c96c0000, 0x0000000100000000)
   the space 129792K,  35% used [0x00000000c1800000, 0x00000000c4555430, 0x00000000c4555600, 0x00000000c96c0000)
 Metaspace       used 12774K, capacity 13112K, committed 13312K, reserved 1060864K
  class space    used 1444K, capacity 1526K, committed 1536K, reserved 1048576K
}
Event: 8.038 GC heap before
{Heap before GC invocations=529 (full 0):
 def new generation   total 1152K, used 1149K [0x00000000a2400000, 0x00000000a2540000, 0x00000000c1800000)
  eden space 1024K, 100% used [0x00000000a2400000, 0x00000000a2500000, 0x00000000a2500000)
  from space 128K,  97% used [0x00000000a2520000, 0x00000000a253f408, 0x00000000a2540000)
  to   space 128K,   0% used [0x00000000a2500000, 0x00000000a2500000, 0x00000000a2520000)
 tenured generation   total 129792K, used 46421K [0x00000000c1800000, 0x00000000c96c0000, 0x0000000100000000)
   the space 129792K,  35% used [0x00000000c1800000, 0x00000000c4555430, 0x00000000c4555600, 0x00000000c96c0000)
 Metaspace       used 12774K, capacity 13112K, committed 13312K, reserved 1060864K
  class space    used 1444K, capacity 1526K, committed 1536K, reserved 1048576K
Event: 8.040 GC heap after
Heap after GC invocations=530 (full 0):
 def new generation   total 1152K, used 69K [0x00000000a2400000, 0x00000000a2540000, 0x00000000c1800000)
  eden space 1024K,   0% used [0x00000000a2400000, 0x00000000a2400000, 0x00000000a2500000)
  from space 128K,  54% used [0x00000000a2500000, 0x00000000a25114c8, 0x00000000a2520000)
  to   space 128K,   0% used [0x00000000a2520000, 0x00000000a2520000, 0x00000000a2540000)
 tenured generation   total 129792K, used 46499K [0x00000000c1800000, 0x00000000c96c0000, 0x0000000100000000)
   the space 129792K,  35% used [0x00000000c1800000, 0x00000000c4568d48, 0x00000000c4568e00, 0x00000000c96c0000)
 Metaspace       used 12774K, capacity 13112K, committed 13312K, reserved 1060864K
  class space    used 1444K, capacity 1526K, committed 1536K, reserved 1048576K
}
Event: 8.049 GC heap before
{Heap before GC invocations=530 (full 0):
 def new generation   total 1152K, used 1093K [0x00000000a2400000, 0x00000000a2540000, 0x00000000c1800000)
  eden space 1024K, 100% used [0x00000000a2400000, 0x00000000a2500000, 0x00000000a2500000)
  from space 128K,  54% used [0x00000000a2500000, 0x00000000a25114c8, 0x00000000a2520000)
  to   space 128K,   0% used [0x00000000a2520000, 0x00000000a2520000, 0x00000000a2540000)
 tenured generation   total 129792K, used 46499K [0x00000000c1800000, 0x00000000c96c0000, 0x0000000100000000)
   the space 129792K,  35% used [0x00000000c1800000, 0x00000000c4568d48, 0x00000000c4568e00, 0x00000000c96c0000)
 Metaspace       used 12774K, capacity 13112K, committed 13312K, reserved 1060864K
  class space    used 1444K, capacity 1526K, committed 1536K, reserved 1048576K
Event: 8.051 GC heap after
Heap after GC invocations=531 (full 0):
 def new generation   total 1152K, used 127K [0x00000000a2400000, 0x00000000a2540000, 0x00000000c1800000)
  eden space 1024K,   0% used [0x00000000a2400000, 0x00000000a2400000, 0x00000000a2500000)
  from space 128K,  99% used [0x00000000a2520000, 0x00000000a253fff8, 0x00000000a2540000)
  to   space 128K,   0% used [0x00000000a2500000, 0x00000000a2500000, 0x00000000a2520000)
 tenured generation   total 129792K, used 46537K [0x00000000c1800000, 0x00000000c96c0000, 0x0000000100000000)
   the space 129792K,  35% used [0x00000000c1800000, 0x00000000c4572790, 0x00000000c4572800, 0x00000000c96c0000)
 Metaspace       used 12774K, capacity 13112K, committed 13312K, reserved 1060864K
  class space    used 1444K, capacity 1526K, committed 1536K, reserved 1048576K
}
Event: 8.059 GC heap before
{Heap before GC invocations=531 (full 0):
 def new generation   total 1152K, used 1151K [0x00000000a2400000, 0x00000000a2540000, 0x00000000c1800000)
  eden space 1024K, 100% used [0x00000000a2400000, 0x00000000a2500000, 0x00000000a2500000)
  from space 128K,  99% used [0x00000000a2520000, 0x00000000a253fff8, 0x00000000a2540000)
  to   space 128K,   0% used [0x00000000a2500000, 0x00000000a2500000, 0x00000000a2520000)
 tenured generation   total 129792K, used 46537K [0x00000000c1800000, 0x00000000c96c0000, 0x0000000100000000)
   the space 129792K,  35% used [0x00000000c1800000, 0x00000000c4572790, 0x00000000c4572800, 0x00000000c96c0000)
 Metaspace       used 12774K, capacity 13112K, committed 13312K, reserved 1060864K
  class space    used 1444K, capacity 1526K, committed 1536K, reserved 1048576K
Event: 8.061 GC heap after
Heap after GC invocations=532 (full 0):
 def new generation   total 1152K, used 107K [0x00000000a2400000, 0x00000000a2540000, 0x00000000c1800000)
  eden space 1024K,   0% used [0x00000000a2400000, 0x00000000a2400000, 0x00000000a2500000)
  from space 128K,  83% used [0x00000000a2500000, 0x00000000a251ac18, 0x00000000a2520000)
  to   space 128K,   0% used [0x00000000a2520000, 0x00000000a2520000, 0x00000000a2540000)
 tenured generation   total 129792K, used 46619K [0x00000000c1800000, 0x00000000c96c0000, 0x0000000100000000)
   the space 129792K,  35% used [0x00000000c1800000, 0x00000000c4586d78, 0x00000000c4586e00, 0x00000000c96c0000)
 Metaspace       used 12774K, capacity 13112K, committed 13312K, reserved 1060864K
  class space    used 1444K, capacity 1526K, committed 1536K, reserved 1048576K
}
Event: 8.067 GC heap before
{Heap before GC invocations=532 (full 0):
 def new generation   total 1152K, used 1131K [0x00000000a2400000, 0x00000000a2540000, 0x00000000c1800000)
  eden space 1024K, 100% used [0x00000000a2400000, 0x00000000a2500000, 0x00000000a2500000)
  from space 128K,  83% used [0x00000000a2500000, 0x00000000a251ac18, 0x00000000a2520000)
  to   space 128K,   0% used [0x00000000a2520000, 0x00000000a2520000, 0x00000000a2540000)
 tenured generation   total 129792K, used 46619K [0x00000000c1800000, 0x00000000c96c0000, 0x0000000100000000)
   the space 129792K,  35% used [0x00000000c1800000, 0x00000000c4586d78, 0x00000000c4586e00, 0x00000000c96c0000)
 Metaspace       used 12774K, capacity 13112K, committed 13312K, reserved 1060864K
  class space    used 1444K, capacity 1526K, committed 1536K, reserved 1048576K
Event: 8.069 GC heap after
Heap after GC invocations=533 (full 0):
 def new generation   total 1152K, used 83K [0x00000000a2400000, 0x00000000a2540000, 0x00000000c1800000)
  eden space 1024K,   0% used [0x00000000a2400000, 0x00000000a2400000, 0x00000000a2500000)
  from space 128K,  65% used [0x00000000a2520000, 0x00000000a2534ea0, 0x00000000a2540000)
  to   space 128K,   0% used [0x00000000a2500000, 0x00000000a2500000, 0x00000000a2520000)
 tenured generation   total 129792K, used 46669K [0x00000000c1800000, 0x00000000c96c0000, 0x0000000100000000)
   the space 129792K,  35% used [0x00000000c1800000, 0x00000000c4593598, 0x00000000c4593600, 0x00000000c96c0000)
 Metaspace       used 12774K, capacity 13112K, committed 13312K, reserved 1060864K
  class space    used 1444K, capacity 1526K, committed 1536K, reserved 1048576K
}

Deoptimization events (10 events):
Event: 3.759 Thread 0x00000000021dc000 Uncommon trap: reason=class_check action=maybe_recompile pc=0x0000000002c34c6c method=java.util.regex.Pattern$CharProperty$1.isSatisfiedBy(I)Z @ 5
Event: 3.759 Thread 0x00000000021dc000 Uncommon trap: reason=class_check action=maybe_recompile pc=0x0000000002c34c6c method=java.util.regex.Pattern$CharProperty$1.isSatisfiedBy(I)Z @ 5
Event: 3.759 Thread 0x00000000021dc000 Uncommon trap: reason=class_check action=maybe_recompile pc=0x0000000002c34c6c method=java.util.regex.Pattern$CharProperty$1.isSatisfiedBy(I)Z @ 5
Event: 3.830 Thread 0x00000000021dc000 Uncommon trap: reason=class_check action=maybe_recompile pc=0x0000000002f0b694 method=java.util.HashMap.putVal(ILjava/lang/Object;Ljava/lang/Object;ZZ)Ljava/lang/Object; @ 203
Event: 3.830 Thread 0x00000000021dc000 Uncommon trap: reason=class_check action=maybe_recompile pc=0x0000000002f0b694 method=java.util.HashMap.putVal(ILjava/lang/Object;Ljava/lang/Object;ZZ)Ljava/lang/Object; @ 203
Event: 3.830 Thread 0x00000000021dc000 Uncommon trap: reason=class_check action=maybe_recompile pc=0x0000000002eff2bc method=java.util.HashMap.putVal(ILjava/lang/Object;Ljava/lang/Object;ZZ)Ljava/lang/Object; @ 203
Event: 4.278 Thread 0x00000000021dc000 Uncommon trap: reason=class_check action=maybe_recompile pc=0x0000000002efb700 method=java.io.FilterInputStream.read([BII)I @ 7
Event: 4.279 Thread 0x00000000021dc000 Uncommon trap: reason=class_check action=maybe_recompile pc=0x0000000002efb700 method=java.io.FilterInputStream.read([BII)I @ 7
Event: 4.280 Thread 0x00000000021dc000 Uncommon trap: reason=class_check action=maybe_recompile pc=0x0000000002efb700 method=java.io.FilterInputStream.read([BII)I @ 7
Event: 4.281 Thread 0x00000000021dc000 Uncommon trap: reason=class_check action=maybe_recompile pc=0x0000000002efb700 method=java.io.FilterInputStream.read([BII)I @ 7

Internal exceptions (10 events):
Event: 8.047 Thread 0x00000000021dc000 Exception <a 'java/security/PrivilegedActionException'> (0x00000000a24a6bc8) thrown at [D:\re\workspace\8-2-build-windows-amd64-cygwin\jdk8u5\2488\hotspot\src\share\vm\prims\jvm.cpp, line 1248]
Event: 8.047 Thread 0x00000000021dc000 Exception <a 'java/security/PrivilegedActionException'> (0x00000000a24b6290) thrown at [D:\re\workspace\8-2-build-windows-amd64-cygwin\jdk8u5\2488\hotspot\src\share\vm\prims\jvm.cpp, line 1248]
Event: 8.047 Thread 0x00000000021dc000 Exception <a 'java/security/PrivilegedActionException'> (0x00000000a24bfa50) thrown at [D:\re\workspace\8-2-build-windows-amd64-cygwin\jdk8u5\2488\hotspot\src\share\vm\prims\jvm.cpp, line 1248]
Event: 8.058 Thread 0x00000000021dc000 Exception <a 'java/lang/ClassNotFoundException': com/sun/org/glassfish/hk2/osgiresourcelocator/ServiceLoader> (0x00000000a24ed508) thrown at [D:\re\workspace\8-2-build-windows-amd64-cygwin\jdk8u5\2488\hotspot\src\share\vm\classfile\systemDictionary.cpp, li
Event: 8.062 Thread 0x00000000021dc000 Exception <a 'java/security/PrivilegedActionException'> (0x00000000a242be98) thrown at [D:\re\workspace\8-2-build-windows-amd64-cygwin\jdk8u5\2488\hotspot\src\share\vm\prims\jvm.cpp, line 1248]
Event: 8.062 Thread 0x00000000021dc000 Exception <a 'java/security/PrivilegedActionException'> (0x00000000a2435690) thrown at [D:\re\workspace\8-2-build-windows-amd64-cygwin\jdk8u5\2488\hotspot\src\share\vm\prims\jvm.cpp, line 1248]
Event: 8.063 Thread 0x00000000021dc000 Exception <a 'java/security/PrivilegedActionException'> (0x00000000a243e0f0) thrown at [D:\re\workspace\8-2-build-windows-amd64-cygwin\jdk8u5\2488\hotspot\src\share\vm\prims\jvm.cpp, line 1248]
Event: 8.063 Thread 0x00000000021dc000 Exception <a 'java/security/PrivilegedActionException'> (0x00000000a24478a0) thrown at [D:\re\workspace\8-2-build-windows-amd64-cygwin\jdk8u5\2488\hotspot\src\share\vm\prims\jvm.cpp, line 1248]
Event: 8.064 Thread 0x00000000021dc000 Exception <a 'java/security/PrivilegedActionException'> (0x00000000a2456e70) thrown at [D:\re\workspace\8-2-build-windows-amd64-cygwin\jdk8u5\2488\hotspot\src\share\vm\prims\jvm.cpp, line 1248]
Event: 8.064 Thread 0x00000000021dc000 Exception <a 'java/security/PrivilegedActionException'> (0x00000000a24605f8) thrown at [D:\re\workspace\8-2-build-windows-amd64-cygwin\jdk8u5\2488\hotspot\src\share\vm\prims\jvm.cpp, line 1248]

Events (10 events):
Event: 8.059 Executing VM operation: GenCollectForAllocation
Event: 8.061 Executing VM operation: GenCollectForAllocation done
Event: 8.062 loading class java/lang/ObjectFactory
Event: 8.062 loading class java/lang/ObjectFactory done
Event: 8.063 loading class java/lang/ObjectFactory
Event: 8.063 loading class java/lang/ObjectFactory done
Event: 8.064 loading class java/lang/ObjectFactory
Event: 8.064 loading class java/lang/ObjectFactory done
Event: 8.067 Executing VM operation: GenCollectForAllocation
Event: 8.069 Executing VM operation: GenCollectForAllocation done


Dynamic libraries:
0x000000013f3d0000 - 0x000000013f404000 	D:\intelfpga_lite\16.1\quartus\bin64\jre64\bin\java.exe
0x0000000076ec0000 - 0x000000007705f000 	C:\Windows\SYSTEM32\ntdll.dll
0x000007fee55d0000 - 0x000007fee5604000 	C:\Program Files\AVAST Software\Avast\x64\aswhooka.dll
0x0000000076da0000 - 0x0000000076ebf000 	C:\Windows\system32\kernel32.dll
0x000007fefced0000 - 0x000007fefcf3a000 	C:\Windows\system32\KERNELBASE.dll
0x000007fefed20000 - 0x000007fefedfb000 	C:\Windows\system32\ADVAPI32.dll
0x000007fefefe0000 - 0x000007feff07f000 	C:\Windows\system32\msvcrt.dll
0x000007fefd350000 - 0x000007fefd36f000 	C:\Windows\SYSTEM32\sechost.dll
0x000007fefda50000 - 0x000007fefdb7d000 	C:\Windows\system32\RPCRT4.dll
0x0000000076ca0000 - 0x0000000076d9a000 	C:\Windows\system32\USER32.dll
0x000007fefcf50000 - 0x000007fefcfb7000 	C:\Windows\system32\GDI32.dll
0x000007fefdb80000 - 0x000007fefdb8e000 	C:\Windows\system32\LPK.dll
0x000007fefd5b0000 - 0x000007fefd67b000 	C:\Windows\system32\USP10.dll
0x000007fefb5b0000 - 0x000007fefb7a4000 	C:\Windows\WinSxS\amd64_microsoft.windows.common-controls_6595b64144ccf1df_6.0.7601.18837_none_fa3b1e3d17594757\COMCTL32.dll
0x000007feff080000 - 0x000007feff0f1000 	C:\Windows\system32\SHLWAPI.dll
0x000007fefd4e0000 - 0x000007fefd50e000 	C:\Windows\system32\IMM32.DLL
0x000007fefdb90000 - 0x000007fefdc99000 	C:\Windows\system32\MSCTF.dll
0x000000006d480000 - 0x000000006d552000 	D:\intelfpga_lite\16.1\quartus\bin64\jre64\bin\msvcr100.dll
0x000000005aff0000 - 0x000000005b81a000 	D:\intelfpga_lite\16.1\quartus\bin64\jre64\bin\server\jvm.dll
0x000007fed0540000 - 0x000007fed0549000 	C:\Windows\system32\WSOCK32.dll
0x000007feff100000 - 0x000007feff14d000 	C:\Windows\system32\WS2_32.dll
0x000007fefd450000 - 0x000007fefd458000 	C:\Windows\system32\NSI.dll
0x000007fef7200000 - 0x000007fef723b000 	C:\Windows\system32\WINMM.dll
0x0000000077060000 - 0x0000000077067000 	C:\Windows\system32\PSAPI.DLL
0x000000006f880000 - 0x000000006f88f000 	D:\intelfpga_lite\16.1\quartus\bin64\jre64\bin\verify.dll
0x000000006df80000 - 0x000000006dfa8000 	D:\intelfpga_lite\16.1\quartus\bin64\jre64\bin\java.dll
0x000000006df30000 - 0x000000006df46000 	D:\intelfpga_lite\16.1\quartus\bin64\jre64\bin\zip.dll
0x000007fefdf70000 - 0x000007fefecfb000 	C:\Windows\system32\SHELL32.dll
0x000007fefd150000 - 0x000007fefd34d000 	C:\Windows\system32\ole32.dll
0x000007fefcb90000 - 0x000007fefcb9f000 	C:\Windows\system32\profapi.dll
0x000007fef00a0000 - 0x000007fef00a6000 	D:\intelFPGA_lite\16.1\quartus\bin64\sld_utiljni.dll
0x000007fec5a50000 - 0x000007fec5b3f000 	C:\Windows\system32\MSVCR120.dll
0x000000006f0a0000 - 0x000000006f227000 	D:\intelFPGA_lite\16.1\quartus\bin64\tcl86.dll
0x000007fefaa10000 - 0x000007fefaa26000 	C:\Windows\system32\NETAPI32.dll
0x000007fefaa00000 - 0x000007fefaa0c000 	C:\Windows\system32\netutils.dll
0x000007fefc710000 - 0x000007fefc733000 	C:\Windows\system32\srvcli.dll
0x000007fefa9b0000 - 0x000007fefa9c5000 	C:\Windows\system32\wkscli.dll
0x000007fefa5a0000 - 0x000007fefa5b4000 	C:\Windows\system32\SAMCLI.DLL
0x000007fefc170000 - 0x000007fefc1a0000 	C:\Windows\system32\LOGONCLI.DLL
0x000007feecc20000 - 0x000007feecce0000 	D:\intelFPGA_lite\16.1\quartus\bin64\ccl_sqlite3.dll
0x000007fecba70000 - 0x000007fecba80000 	D:\intelFPGA_lite\16.1\quartus\bin64\ccl_sqlite3_jdbc_jni_bridge.dll
0x000007fef3460000 - 0x000007fef3585000 	C:\Windows\system32\dbghelp.dll

VM Arguments:
jvm_args: -Xmx1500M -XX:+UseSerialGC 
java_command: com.altera.sopcmodel.sbtools.sbcatalog.SbCatalog --xml --project-directory= --search-path=$,D:\intelFPGA_lite\projects\des_nowe_podejscie\FPGACOMMEXAMPLE,D:\intelFPGA_lite\projects\des_nowe_podejscie\FPGACOMMEXAMPLE
java_class_path (initial): D:/intelfpga_lite/16.1/quartus/sopc_builder/model/lib\Nlview.jar;D:/intelfpga_lite/16.1/quartus/sopc_builder/model/lib\QuickServer.jar;D:/intelfpga_lite/16.1/quartus/sopc_builder/model/lib\TableLayout.jar;D:/intelfpga_lite/16.1/quartus/sopc_builder/model/lib\appframework-1.03.jar;D:/intelfpga_lite/16.1/quartus/sopc_builder/model/lib\asm-3.1.jar;D:/intelfpga_lite/16.1/quartus/sopc_builder/model/lib\asm-commons-3.1.jar;D:/intelfpga_lite/16.1/quartus/sopc_builder/model/lib\basicmodel.jar;D:/intelfpga_lite/16.1/quartus/sopc_builder/model/lib\beansbinding-1.2.1.jar;D:/intelfpga_lite/16.1/quartus/sopc_builder/model/lib\binding-2.0.6.jar;D:/intelfpga_lite/16.1/quartus/sopc_builder/model/lib\com.altera.componenteditor2.jar;D:/intelfpga_lite/16.1/quartus/sopc_builder/model/lib\com.altera.embeddedsw.app_lib.jar;D:/intelfpga_lite/16.1/quartus/sopc_builder/model/lib\com.altera.embeddedsw.bsp.editor.jar;D:/intelfpga_lite/16.1/quartus/sopc_builder/model/lib\com.altera.embeddedsw.bsp.elements.jar;D:/intelfpga_lite/16.1/quartus/sopc_builder/model/lib\com.altera.embeddedsw.bsp.jar;D:/intelfpga_lite/16.1/quartus/sopc_builder/model/lib\com.altera.embeddedsw.bsp.plugin.core.jar;D:/intelfpga_lite/16.1/quartus/sopc_builder/model/lib\com.altera.embeddedsw.bsp.plugin.hal.jar;D:/intelfpga_lite/16.1/quartus/sopc_builder/model/lib\com.altera.embeddedsw.bsp.plugin.lwhal.jar;D:/intelfpga_lite/16.1/quartus/sopc_builder/model/lib\com.altera.embeddedsw.bsp.schema.jar;D:/intelfpga_lite/16.1/quartus/sopc_builder/model/lib\com.altera.embeddedsw.bsp.scripting.jar;D:/intelfpga_lite/16.1/quartus/sopc_builder/model/lib\com.altera.embeddedsw.commandline.jar;D:/intelfpga_lite/16.1/quartus/sopc_builder/model/lib\com.altera.embeddedsw.cpexample.jar;D:/intelfpga_lite/16.1/quartus/sopc_builder/model/lib\com.altera.embeddedsw.flash.jar;D:/intelfpga_lite/16.1/quartus/sopc_builder/model/lib\com.altera.embeddedsw.launch.jar;D:/intelfpga_lite/16.1/quartus/sopc_builder/model/lib\com.alte
Launcher Type: SUN_STANDARD

Environment Variables:
PATH=D:/intelfpga_lite/16.1/quartus/bin64;d:\intelfpga_lite\16.1\quartus\bin64\;d:\intelfpga_lite\16.1\quartus\bin64\;C:\ProgramData\Oracle\Java\javapath;C:\Program Files\Broadcom\Broadcom 802.11 Network Adapter\Driver;C:\Windows\system32;C:\Windows;C:\Windows\System32\Wbem;C:\Windows\System32\WindowsPowerShell\v1.0\;C:\Program Files\PuTTY\;C:\Program Files\Microsoft SQL Server\110\Tools\Binn\;D:\Program Files\MATLAB\R2018a\bin;D:\intelFPGA_lite\17.1\modelsim_ase\win32aloem;D:\intelFPGA_lite\16.1\modelsim_ase\win32aloem
USERNAME=Damian
OS=Windows_NT
PROCESSOR_IDENTIFIER=Intel64 Family 6 Model 58 Stepping 9, GenuineIntel



---------------  S Y S T E M  ---------------

OS: Windows 7 , 64 bit Build 7601 Service Pack 1

CPU:total 4 (2 cores per cpu, 2 threads per core) family 6 model 58 stepping 9, cmov, cx8, fxsr, mmx, sse, sse2, sse3, ssse3, sse4.1, sse4.2, popcnt, avx, aes, clmul, erms, ht, tsc, tscinvbit

Memory: 4k page, physical 8287080k(203440k free), swap 8285204k(5120k free)

vm_info: Java HotSpot(TM) 64-Bit Server VM (25.5-b02) for windows-amd64 JRE (1.8.0_05-b13), built on Mar 18 2014 01:08:39 by "java_re" with MS VC++ 10.0 (VS2010)

time: Wed May 23 15:29:56 2018
elapsed time: 8 seconds

